This is pdfTeX, Version 3.1415926-2.3-1.40.12 (MiKTeX 2.9 64-bit) (preloaded format=latex 2012.10.25)  20 MAR 2013 00:38
entering extended mode
**project.tex
(C:\Users\Del\Documents\GitHub\Network-Communication\paper\project.tex
LaTeX2e <2011/06/27>
Babel <v3.8m> and hyphenation patterns for english, afrikaans, ancientgreek, ar
abic, armenian, assamese, basque, bengali, bokmal, bulgarian, catalan, coptic, 
croatian, czech, danish, dutch, esperanto, estonian, farsi, finnish, french, ga
lician, german, german-x-2009-06-19, greek, gujarati, hindi, hungarian, iceland
ic, indonesian, interlingua, irish, italian, kannada, kurmanji, lao, latin, lat
vian, lithuanian, malayalam, marathi, mongolian, mongolianlmc, monogreek, ngerm
an, ngerman-x-2009-06-19, nynorsk, oriya, panjabi, pinyin, polish, portuguese, 
romanian, russian, sanskrit, serbian, slovak, slovenian, spanish, swedish, swis
sgerman, tamil, telugu, turkish, turkmen, ukenglish, ukrainian, uppersorbian, u
senglishmax, welsh, loaded.
("E:\Program Files\MiKTeX 2.9\tex\latex\ieeetran\IEEEtran.cls"
Document Class: IEEEtran 2007/03/05 V1.7a by Michael Shell
-- See the "IEEEtran_HOWTO" manual for usage information.
-- http://www.michaelshell.org/tex/ieeetran/
\@IEEEtrantmpdimenA=\dimen102
\@IEEEtrantmpdimenB=\dimen103
\@IEEEtrantmpcountA=\count79
\@IEEEtrantmpcountB=\count80
\@IEEEtrantmptoksA=\toks14
LaTeX Font Info:    Try loading font information for OT1+ptm on input line 366.

("E:\Program Files\MiKTeX 2.9\tex\latex\psnfss\ot1ptm.fd"
File: ot1ptm.fd 2001/06/04 font definitions for OT1/ptm.
)
-- Using 8.5in x 11in (letter) paper.
-- Using DVI output.
\@IEEEnormalsizeunitybaselineskip=\dimen104
-- This is a 10 point document.
\CLASSINFOnormalsizebaselineskip=\dimen105
\CLASSINFOnormalsizeunitybaselineskip=\dimen106
\IEEEnormaljot=\dimen107
LaTeX Font Info:    Font shape `OT1/ptm/bx/n' in size <5> not available
(Font)              Font shape `OT1/ptm/b/n' tried instead on input line 724.
LaTeX Font Info:    Font shape `OT1/ptm/bx/it' in size <5> not available
(Font)              Font shape `OT1/ptm/b/it' tried instead on input line 724.
LaTeX Font Info:    Font shape `OT1/ptm/bx/n' in size <7> not available
(Font)              Font shape `OT1/ptm/b/n' tried instead on input line 724.
LaTeX Font Info:    Font shape `OT1/ptm/bx/it' in size <7> not available
(Font)              Font shape `OT1/ptm/b/it' tried instead on input line 724.
LaTeX Font Info:    Font shape `OT1/ptm/bx/n' in size <8> not available
(Font)              Font shape `OT1/ptm/b/n' tried instead on input line 724.
LaTeX Font Info:    Font shape `OT1/ptm/bx/it' in size <8> not available
(Font)              Font shape `OT1/ptm/b/it' tried instead on input line 724.
LaTeX Font Info:    Font shape `OT1/ptm/bx/n' in size <9> not available
(Font)              Font shape `OT1/ptm/b/n' tried instead on input line 724.
LaTeX Font Info:    Font shape `OT1/ptm/bx/it' in size <9> not available
(Font)              Font shape `OT1/ptm/b/it' tried instead on input line 724.
LaTeX Font Info:    Font shape `OT1/ptm/bx/n' in size <10> not available
(Font)              Font shape `OT1/ptm/b/n' tried instead on input line 724.
LaTeX Font Info:    Font shape `OT1/ptm/bx/it' in size <10> not available
(Font)              Font shape `OT1/ptm/b/it' tried instead on input line 724.
LaTeX Font Info:    Font shape `OT1/ptm/bx/n' in size <11> not available
(Font)              Font shape `OT1/ptm/b/n' tried instead on input line 724.
LaTeX Font Info:    Font shape `OT1/ptm/bx/it' in size <11> not available
(Font)              Font shape `OT1/ptm/b/it' tried instead on input line 724.
LaTeX Font Info:    Font shape `OT1/ptm/bx/n' in size <12> not available
(Font)              Font shape `OT1/ptm/b/n' tried instead on input line 724.
LaTeX Font Info:    Font shape `OT1/ptm/bx/it' in size <12> not available
(Font)              Font shape `OT1/ptm/b/it' tried instead on input line 724.
LaTeX Font Info:    Font shape `OT1/ptm/bx/n' in size <17> not available
(Font)              Font shape `OT1/ptm/b/n' tried instead on input line 724.
LaTeX Font Info:    Font shape `OT1/ptm/bx/it' in size <17> not available
(Font)              Font shape `OT1/ptm/b/it' tried instead on input line 724.
LaTeX Font Info:    Font shape `OT1/ptm/bx/n' in size <20> not available
(Font)              Font shape `OT1/ptm/b/n' tried instead on input line 724.
LaTeX Font Info:    Font shape `OT1/ptm/bx/it' in size <20> not available
(Font)              Font shape `OT1/ptm/b/it' tried instead on input line 724.
LaTeX Font Info:    Font shape `OT1/ptm/bx/n' in size <24> not available
(Font)              Font shape `OT1/ptm/b/n' tried instead on input line 724.
LaTeX Font Info:    Font shape `OT1/ptm/bx/it' in size <24> not available
(Font)              Font shape `OT1/ptm/b/it' tried instead on input line 724.
\IEEEilabelindentA=\dimen108
\IEEEilabelindentB=\dimen109
\IEEEilabelindent=\dimen110
\IEEEelabelindent=\dimen111
\IEEEdlabelindent=\dimen112
\IEEElabelindent=\dimen113
\IEEEiednormlabelsep=\dimen114
\IEEEiedmathlabelsep=\dimen115
\IEEEiedtopsep=\skip41
\c@section=\count81
\c@subsection=\count82
\c@subsubsection=\count83
\c@paragraph=\count84
\c@IEEEsubequation=\count85
\abovecaptionskip=\skip42
\belowcaptionskip=\skip43
\c@figure=\count86
\c@table=\count87
\@IEEEeqnnumcols=\count88
\@IEEEeqncolcnt=\count89
\@IEEEtmpitemindent=\dimen116
\c@IEEEbiography=\count90
\@IEEEtranrubishbin=\box26
) ("E:\Program Files\MiKTeX 2.9\tex\latex\cite\cite.sty"
LaTeX Info: Redefining \cite on input line 302.
LaTeX Info: Redefining \nocite on input line 373.
Package: cite 2010/09/10  v 5.3
)
("E:\Program Files\MiKTeX 2.9\tex\latex\graphics\graphicx.sty"
Package: graphicx 1999/02/16 v1.0f Enhanced LaTeX Graphics (DPC,SPQR)

("E:\Program Files\MiKTeX 2.9\tex\latex\graphics\keyval.sty"
Package: keyval 1999/03/16 v1.13 key=value parser (DPC)
\KV@toks@=\toks15
)
("E:\Program Files\MiKTeX 2.9\tex\latex\graphics\graphics.sty"
Package: graphics 2009/02/05 v1.0o Standard LaTeX Graphics (DPC,SPQR)

("E:\Program Files\MiKTeX 2.9\tex\latex\graphics\trig.sty"
Package: trig 1999/03/16 v1.09 sin cos tan (DPC)
)
("E:\Program Files\MiKTeX 2.9\tex\latex\00miktex\graphics.cfg"
File: graphics.cfg 2007/01/18 v1.5 graphics configuration of teTeX/TeXLive
)
Package graphics Info: Driver file: dvips.def on input line 91.

("E:\Program Files\MiKTeX 2.9\tex\latex\graphics\dvips.def"
File: dvips.def 1999/02/16 v3.0i Driver-dependant file (DPC,SPQR)
))
\Gin@req@height=\dimen117
\Gin@req@width=\dimen118
)
("E:\Program Files\MiKTeX 2.9\tex\latex\ams\math\amsmath.sty"
Package: amsmath 2000/07/18 v2.13 AMS math features
\@mathmargin=\skip44

For additional information on amsmath, use the `?' option.
("E:\Program Files\MiKTeX 2.9\tex\latex\ams\math\amstext.sty"
Package: amstext 2000/06/29 v2.01

("E:\Program Files\MiKTeX 2.9\tex\latex\ams\math\amsgen.sty"
File: amsgen.sty 1999/11/30 v2.0
\@emptytoks=\toks16
\ex@=\dimen119
))
("E:\Program Files\MiKTeX 2.9\tex\latex\ams\math\amsbsy.sty"
Package: amsbsy 1999/11/29 v1.2d
\pmbraise@=\dimen120
)
("E:\Program Files\MiKTeX 2.9\tex\latex\ams\math\amsopn.sty"
Package: amsopn 1999/12/14 v2.01 operator names
)
\inf@bad=\count91
LaTeX Info: Redefining \frac on input line 211.
\uproot@=\count92
\leftroot@=\count93
LaTeX Info: Redefining \overline on input line 307.
\classnum@=\count94
\DOTSCASE@=\count95
LaTeX Info: Redefining \ldots on input line 379.
LaTeX Info: Redefining \dots on input line 382.
LaTeX Info: Redefining \cdots on input line 467.
\Mathstrutbox@=\box27
\strutbox@=\box28
\big@size=\dimen121
LaTeX Font Info:    Redeclaring font encoding OML on input line 567.
LaTeX Font Info:    Redeclaring font encoding OMS on input line 568.
\macc@depth=\count96
\c@MaxMatrixCols=\count97
\dotsspace@=\muskip10
\c@parentequation=\count98
\dspbrk@lvl=\count99
\tag@help=\toks17
\row@=\count100
\column@=\count101
\maxfields@=\count102
\andhelp@=\toks18
\eqnshift@=\dimen122
\alignsep@=\dimen123
\tagshift@=\dimen124
\tagwidth@=\dimen125
\totwidth@=\dimen126
\lineht@=\dimen127
\@envbody=\toks19
\multlinegap=\skip45
\multlinetaggap=\skip46
\mathdisplay@stack=\toks20
LaTeX Info: Redefining \[ on input line 2666.
LaTeX Info: Redefining \] on input line 2667.
)
("E:\Program Files\MiKTeX 2.9\tex\latex\algorithms\algorithm.sty"
Package: algorithm 2009/08/24 v0.1 Document Style `algorithm' - floating enviro
nment

("E:\Program Files\MiKTeX 2.9\tex\latex\float\float.sty"
Package: float 2001/11/08 v1.3d Float enhancements (AL)
\c@float@type=\count103
\float@exts=\toks21
\float@box=\box29
\@float@everytoks=\toks22
\@floatcapt=\box30
)
("E:\Program Files\MiKTeX 2.9\tex\latex\base\ifthen.sty"
Package: ifthen 2001/05/26 v1.1c Standard LaTeX ifthen package (DPC)
)
\@float@every@algorithm=\toks23
\c@algorithm=\count104
)
("E:\Program Files\MiKTeX 2.9\tex\latex\algorithms\algorithmic.sty"
Package: algorithmic 2009/08/24 v0.1 Document Style `algorithmic'
\c@ALC@unique=\count105
\c@ALC@line=\count106
\c@ALC@rem=\count107
\c@ALC@depth=\count108
\ALC@tlm=\skip47
\algorithmicindent=\skip48
)
("E:\Program Files\MiKTeX 2.9\tex\latex\tools\array.sty"
Package: array 2008/09/09 v2.4c Tabular extension package (FMi)
\col@sep=\dimen128
\extrarowheight=\dimen129
\NC@list=\toks24
\extratabsurround=\skip49
\backup@length=\skip50
)
("E:\Program Files\MiKTeX 2.9\tex\latex\subfigure\subfigure.sty"
Package: subfigure 2002/07/30 v2.1.4 subfigure package
\subfigtopskip=\skip51
\subfigcapskip=\skip52
\subfigcaptopadj=\dimen130
\subfigbottomskip=\skip53
\subfigcapmargin=\dimen131
\subfiglabelskip=\skip54
\c@subfigure=\count109
\c@lofdepth=\count110
\c@subtable=\count111
\c@lotdepth=\count112

****************************************
* Local config file subfigure.cfg used *
****************************************
("E:\Program Files\MiKTeX 2.9\tex\latex\subfigure\subfigure.cfg")
\subfig@top=\skip55
\subfig@bottom=\skip56
)
(C:\Users\Del\Documents\GitHub\Network-Communication\paper\project.aux

LaTeX Warning: Label `fig:asdf' multiply defined.


LaTeX Warning: Label `fig:asdf' multiply defined.


LaTeX Warning: Label `fig:asdf' multiply defined.

)
LaTeX Font Info:    Checking defaults for OML/cmm/m/it on input line 352.
LaTeX Font Info:    ... okay on input line 352.
LaTeX Font Info:    Checking defaults for T1/cmr/m/n on input line 352.
LaTeX Font Info:    ... okay on input line 352.
LaTeX Font Info:    Checking defaults for OT1/cmr/m/n on input line 352.
LaTeX Font Info:    ... okay on input line 352.
LaTeX Font Info:    Checking defaults for OMS/cmsy/m/n on input line 352.
LaTeX Font Info:    ... okay on input line 352.
LaTeX Font Info:    Checking defaults for OMX/cmex/m/n on input line 352.
LaTeX Font Info:    ... okay on input line 352.
LaTeX Font Info:    Checking defaults for U/cmr/m/n on input line 352.
LaTeX Font Info:    ... okay on input line 352.


LaTeX Warning: Citation `Baran_1964' on page 1 undefined on input line 469.


LaTeX Warning: Citation `Chandra:2008:CFA:1453175.1453178' on page 1 undefined 
on input line 469.


LaTeX Warning: Citation `Gill:2011:UNF:2018436.2018477' on page 1 undefined on 
input line 469.


LaTeX Warning: Citation `Markopoulou:2008:CFO:1453698.1453699' on page 1 undefi
ned on input line 469.


LaTeX Warning: Citation `Shaikh:2002:CSO:637201.637236' on page 1 undefined on 
input line 469.


LaTeX Warning: Citation `Markopoulou:2008:CFO:1453698.1453699' on page 1 undefi
ned on input line 471.


LaTeX Warning: Citation `Shaikh:2002:CSO:637201.637236' on page 1 undefined on 
input line 473.


LaTeX Warning: Citation `Gill:2011:UNF:2018436.2018477' on page 1 undefined on 
input line 473.


LaTeX Warning: Citation `Shaikh:2002:CSO:637201.637236' on page 1 undefined on 
input line 473.


LaTeX Warning: Citation `Gill:2011:UNF:2018436.2018477' on page 1 undefined on 
input line 473.

[1


]

LaTeX Warning: Citation `cenic2013online' on page 2 undefined on input line 486
.

LaTeX Font Info:    External font `cmex10' loaded for size
(Font)              <7> on input line 492.
LaTeX Font Info:    External font `cmex10' loaded for size
(Font)              <5> on input line 492.
[2]
File: plot/failure_plot.eps Graphic file (type eps)
 <plot/failure_plot.eps>

LaTeX Warning: `!h' float specifier changed to `!ht'.

File: plot/failure_time.eps Graphic file (type eps)
<plot/failure_time.eps>

LaTeX Warning: `!h' float specifier changed to `!ht'.

[3]

LaTeX Warning: File `plot/loop_length1.eps' not found on input line 640.


! LaTeX Error: File `plot/loop_length1.eps' not found.

See the LaTeX manual or LaTeX Companion for explanation.
Type  H <return>  for immediate help.
 ...                                              
                                                  
l.640 ...raphics[scale=0.4]{plot/loop_length1.eps}
                                                  
Try typing  <return>  to proceed.
If that doesn't work, type  X <return>  to quit.


! LaTeX Error: Cannot determine size of graphic in plot/loop_length1.eps (no Bo
undingBox).

See the LaTeX manual or LaTeX Companion for explanation.
Type  H <return>  for immediate help.
 ...                                              
                                                  
l.640 ...raphics[scale=0.4]{plot/loop_length1.eps}
                                                  
Try typing  <return>  to proceed.
If that doesn't work, type  X <return>  to quit.

File: plot/loop_length1.eps Graphic file (type eps)
<plot/loop_length1.eps> [4]

LaTeX Warning: File `plot/loop_length2.eps' not found on input line 649.


! LaTeX Error: File `plot/loop_length2.eps' not found.

See the LaTeX manual or LaTeX Companion for explanation.
Type  H <return>  for immediate help.
 ...                                              
                                                  
l.649 ...raphics[scale=0.4]{plot/loop_length2.eps}
                                                  
Try typing  <return>  to proceed.
If that doesn't work, type  X <return>  to quit.


! LaTeX Error: Cannot determine size of graphic in plot/loop_length2.eps (no Bo
undingBox).

See the LaTeX manual or LaTeX Companion for explanation.
Type  H <return>  for immediate help.
 ...                                              
                                                  
l.649 ...raphics[scale=0.4]{plot/loop_length2.eps}
                                                  
Try typing  <return>  to proceed.
If that doesn't work, type  X <return>  to quit.

File: plot/loop_length2.eps Graphic file (type eps)
<plot/loop_length2.eps>
Underfull \hbox (badness 10000) in paragraph at lines 656--657

 []


LaTeX Warning: File `plot/simple_link_failure.eps' not found on input line 662.



! LaTeX Error: File `plot/simple_link_failure.eps' not found.

See the LaTeX manual or LaTeX Companion for explanation.
Type  H <return>  for immediate help.
 ...                                              
                                                  
l.662 ...[scale=0.4]{plot/simple_link_failure.eps}
                                                  
Try typing  <return>  to proceed.
If that doesn't work, type  X <return>  to quit.


! LaTeX Error: Cannot determine size of graphic in plot/simple_link_failure.eps
 (no BoundingBox).

See the LaTeX manual or LaTeX Companion for explanation.
Type  H <return>  for immediate help.
 ...                                              
                                                  
l.662 ...[scale=0.4]{plot/simple_link_failure.eps}
                                                  
Try typing  <return>  to proceed.
If that doesn't work, type  X <return>  to quit.

File: plot/simple_link_failure.eps Graphic file (type eps)
<plot/simple_link_failure.eps>
Underfull \hbox (badness 10000) in paragraph at lines 668--669

 []


LaTeX Warning: File `plot/complex_failure_propagation.eps' not found on input l
ine 674.


! LaTeX Error: File `plot/complex_failure_propagation.eps' not found.

See the LaTeX manual or LaTeX Companion for explanation.
Type  H <return>  for immediate help.
 ...                                              
                                                  
l.674 ....4]{plot/complex_failure_propagation.eps}
                                                  
Try typing  <return>  to proceed.
If that doesn't work, type  X <return>  to quit.


! LaTeX Error: Cannot determine size of graphic in plot/complex_failure_propaga
tion.eps (no BoundingBox).

See the LaTeX manual or LaTeX Companion for explanation.
Type  H <return>  for immediate help.
 ...                                              
                                                  
l.674 ....4]{plot/complex_failure_propagation.eps}
                                                  
Try typing  <return>  to proceed.
If that doesn't work, type  X <return>  to quit.

File: plot/complex_failure_propagation.eps Graphic file (type eps)
<plot/complex_failure_propagation.eps>
File: plot/PieChart.eps Graphic file (type eps)
 <plot/PieChart.eps>
File: plot/RouteShift.eps Graphic file (type eps)

<plot/RouteShift.eps>
File: plot/ComplexRouteShift.eps Graphic file (type eps)
 <plot/ComplexRouteShift.eps>
File: plot/Shortcut.eps Graphic file (type eps)
 <plot/Shortcut.eps>
File: plot/TrappedInLoop.eps Graphic file (type eps)

<plot/TrappedInLoop.eps>
Underfull \hbox (badness 1448) in paragraph at lines 681--758
[][]\OT1/ptm/m/n/10 Among the 70831 trace-route records, there were 80
 []


Underfull \hbox (badness 2856) in paragraph at lines 681--758
\OT1/ptm/m/n/10 From figure:9[], we can-not tell what ex-actly hap-pened.
 []


Underfull \hbox (badness 10000) in paragraph at lines 681--758

 []

[5]
File: plot/accessibility.eps Graphic file (type eps)
 <plot/accessibility.eps> [6]
File: plot/failure_distribution.eps Graphic file (type eps)
 <plot/failure_distribution.eps>
File: plot/routing_performance.eps Graphic file (type eps)

<plot/routing_performance.eps>

LaTeX Warning: `!h' float specifier changed to `!ht'.

(C:\Users\Del\Documents\GitHub\Network-Communication\paper\project.bbl)

** Conference Paper **
Before submitting the final camera ready copy, remember to:

 1. Manually equalize the lengths of two columns on the last page
 of your paper;

 2. Ensure that any PostScript and/or PDF output post-processing
 uses only Type 1 fonts and that every step in the generation
 process uses the appropriate paper size.

[7] [8

] (C:\Users\Del\Documents\GitHub\Network-Communication\paper\project.aux)

LaTeX Warning: There were undefined references.


LaTeX Warning: There were multiply-defined labels.

 ) 
Here is how much of TeX's memory you used:
 2405 strings out of 494046
 35056 string characters out of 3148415
 96375 words of memory out of 3000000
 5695 multiletter control sequences out of 15000+200000
 25356 words of font info for 55 fonts, out of 3000000 for 9000
 718 hyphenation exceptions out of 8191
 27i,8n,24p,1054b,293s stack positions out of 5000i,500n,10000p,200000b,50000s

Output written on project.dvi (8 pages, 54956 bytes).
